Using pre-set license
Built from '2020.2/release' branch; Version is '2020.2.0f1 (3721df5a8b28) revision 3613151'; Using compiler version '192528614'; Build Type 'Release'
OS: 'Windows 10  (10.0.0) 64bit' Language: 'tr' Physical Memory: 8097 MB
BatchMode: 1, IsHumanControllingUs: 0, StartBugReporterOnCrash: 0, Is64bit: 1, IsPro: 0

 COMMAND LINE ARGUMENTS:
C:\Program Files\Unity\Editor\Unity.exe
-adb2
-batchMode
-noUpm
-name
AssetImportWorker0
-projectPath
C:/Users/Emre/Desktop/things/Unity/Headheavy
-logFile
Logs/AssetImportWorker0.log
-srvPort
51022
Successfully changed project path to: C:/Users/Emre/Desktop/things/Unity/Headheavy
C:/Users/Emre/Desktop/things/Unity/Headheavy
Using Asset Import Pipeline V2.
Refreshing native plugins compatible for Editor in 123.74 ms, found 1 plugins.
Preloading 0 native plugins for Editor in 0.00 ms.
Initialize engine version: 2020.2.0f1 (3721df5a8b28)
[Subsystems] Discovering subsystems at path C:/Program Files/Unity/Editor/Data/Resources/UnitySubsystems
[Subsystems] Discovering subsystems at path C:/Users/Emre/Desktop/things/Unity/Headheavy/Assets
GfxDevice: creating device client; threaded=0
Direct3D:
    Version:  Direct3D 11.0 [level 11.0]
    Renderer: NVIDIA GeForce GT 630M (ID=0xde9)
    Vendor:   
    VRAM:     1974 MB
    Driver:   23.21.13.9135
Initialize mono
Mono path[0] = 'C:/Program Files/Unity/Editor/Data/Managed'
Mono path[1] = 'C:/Program Files/Unity/Editor/Data/MonoBleedingEdge/lib/mono/unityjit'
Mono config path = 'C:/Program Files/Unity/Editor/Data/MonoBleedingEdge/etc'
Using monoOptions --debugger-agent=transport=dt_socket,embedding=1,server=y,suspend=n,address=127.0.0.1:56524
Begin MonoManager ReloadAssembly
Registering precompiled unity dll's ...
Register platform support module: C:/Program Files/Unity/Editor/Data/PlaybackEngines/WindowsStandaloneSupport/UnityEditor.WindowsStandalone.Extensions.dll
Registered in 0.006374 seconds.
Native extension for WindowsStandalone target not found
Refreshing native plugins compatible for Editor in 128.10 ms, found 1 plugins.
Preloading 0 native plugins for Editor in 0.00 ms.
Invoked RoslynAnalysisRunner static constructor.
RoslynAnalysisRunner will not be running.
RoslynAnalysisRunner has terminated.
Mono: successfully reloaded assembly
- Completed reload, in  5.279 seconds
Platform modules already initialized, skipping
Registering precompiled user dll's ...
Registered in 0.002348 seconds.
Begin MonoManager ReloadAssembly
Native extension for WindowsStandalone target not found
Refreshing native plugins compatible for Editor in 90.53 ms, found 1 plugins.
Preloading 0 native plugins for Editor in 0.00 ms.
Invoked RoslynAnalysisRunner static constructor.
RoslynAnalysisRunner will not be running.
RoslynAnalysisRunner has terminated.
Mono: successfully reloaded assembly
- Completed reload, in  3.128 seconds
Platform modules already initialized, skipping
========================================================================
Worker process is ready to serve import requests
Launched and connected shader compiler UnityShaderCompiler.exe after 0.13 seconds
Refreshing native plugins compatible for Editor in 0.70 ms, found 1 plugins.
Preloading 0 native plugins for Editor in 0.00 ms.
Unloading 1828 Unused Serialized files (Serialized files now loaded: 0)
System memory in use before: 88.3 MB.
System memory in use after: 88.3 MB.

Unloading 24 unused Assets to reduce memory usage. Loaded Objects now: 2274.
Total: 3.658700 ms (FindLiveObjects: 0.265300 ms CreateObjectMapping: 0.115800 ms MarkObjects: 3.045800 ms  DeleteObjects: 0.229400 ms)

========================================================================
Received Prepare
Registering precompiled user dll's ...
Registered in 0.002358 seconds.
Begin MonoManager ReloadAssembly
Native extension for WindowsStandalone target not found
Refreshing native plugins compatible for Editor in 0.70 ms, found 1 plugins.
Preloading 0 native plugins for Editor in 0.00 ms.
Invoked RoslynAnalysisRunner static constructor.
RoslynAnalysisRunner will not be running.
RoslynAnalysisRunner has terminated.
Mono: successfully reloaded assembly
- Completed reload, in  2.442 seconds
Platform modules already initialized, skipping
Refreshing native plugins compatible for Editor in 0.70 ms, found 1 plugins.
Preloading 0 native plugins for Editor in 0.00 ms.
Unloading 1812 Unused Serialized files (Serialized files now loaded: 0)
System memory in use before: 87.2 MB.
System memory in use after: 87.2 MB.

Unloading 12 unused Assets to reduce memory usage. Loaded Objects now: 2277.
Total: 3.425400 ms (FindLiveObjects: 0.244700 ms CreateObjectMapping: 0.107700 ms MarkObjects: 2.886000 ms  DeleteObjects: 0.184300 ms)

========================================================================
Received Import Request.
  path: Assets/Scripts/Score.cs
  artifactKey: Guid(71f94a373a67ac94bb9ed48ba5b1dea9) Importer(815301076,1909f56bfc062723c751e8b465ee728b)
Start importing Assets/Scripts/Score.cs using Guid(71f94a373a67ac94bb9ed48ba5b1dea9) Importer(815301076,1909f56bfc062723c751e8b465ee728b)  -> (artifact id: 'a7d10be92e87d56d1ecc421ba565e648') in 0.070632 seconds
  Import took 0.075739 seconds .

========================================================================
Received Import Request.
  Time since last request: 0.010698 seconds.
  path: Assets/Scripts/Score.cs
  artifactKey: Guid(71f94a373a67ac94bb9ed48ba5b1dea9) Importer(815301076,1909f56bfc062723c751e8b465ee728b)
Start importing Assets/Scripts/Score.cs using Guid(71f94a373a67ac94bb9ed48ba5b1dea9) Importer(815301076,1909f56bfc062723c751e8b465ee728b)  -> (artifact id: 'a7d10be92e87d56d1ecc421ba565e648') in 0.005701 seconds
  Import took 0.011513 seconds .

========================================================================
Received Import Request.
  Time since last request: 1.740367 seconds.
  path: Assets/Scripts/Edges.cs
  artifactKey: Guid(8d7e15c5965d79746a1a1afcd30d00d0) Importer(815301076,1909f56bfc062723c751e8b465ee728b)
Start importing Assets/Scripts/Edges.cs using Guid(8d7e15c5965d79746a1a1afcd30d00d0) Importer(815301076,1909f56bfc062723c751e8b465ee728b)  -> (artifact id: 'b005b5fe17e544d7e9e5bc81e4088a17') in 0.018815 seconds
  Import took 0.032528 seconds .

========================================================================
Received Import Request.
  Time since last request: 0.002869 seconds.
  path: Assets/Scripts/Edges.cs
  artifactKey: Guid(8d7e15c5965d79746a1a1afcd30d00d0) Importer(815301076,1909f56bfc062723c751e8b465ee728b)
Start importing Assets/Scripts/Edges.cs using Guid(8d7e15c5965d79746a1a1afcd30d00d0) Importer(815301076,1909f56bfc062723c751e8b465ee728b)  -> (artifact id: 'b005b5fe17e544d7e9e5bc81e4088a17') in 0.006238 seconds
  Import took 0.011780 seconds .

========================================================================
Received Import Request.
  Time since last request: 5.991232 seconds.
  path: Assets/Scripts/G.cs
  artifactKey: Guid(bdbfa56afc1bbea4eb8e6f70c21309ed) Importer(815301076,1909f56bfc062723c751e8b465ee728b)
Start importing Assets/Scripts/G.cs using Guid(bdbfa56afc1bbea4eb8e6f70c21309ed) Importer(815301076,1909f56bfc062723c751e8b465ee728b)  -> (artifact id: '8efa7531b43314361fb595d18d8b0ad2') in 0.004964 seconds
  Import took 0.009539 seconds .

========================================================================
Received Prepare
Registering precompiled user dll's ...
Registered in 0.003941 seconds.
Begin MonoManager ReloadAssembly
Native extension for WindowsStandalone target not found
Refreshing native plugins compatible for Editor in 0.58 ms, found 1 plugins.
Preloading 0 native plugins for Editor in 0.00 ms.
Invoked RoslynAnalysisRunner static constructor.
RoslynAnalysisRunner will not be running.
RoslynAnalysisRunner has terminated.
Mono: successfully reloaded assembly
- Completed reload, in  2.227 seconds
Platform modules already initialized, skipping
Refreshing native plugins compatible for Editor in 0.59 ms, found 1 plugins.
Preloading 0 native plugins for Editor in 0.00 ms.
Unloading 1813 Unused Serialized files (Serialized files now loaded: 0)
System memory in use before: 87.5 MB.
System memory in use after: 87.5 MB.

Unloading 12 unused Assets to reduce memory usage. Loaded Objects now: 2280.
Total: 2.667800 ms (FindLiveObjects: 0.200700 ms CreateObjectMapping: 0.077700 ms MarkObjects: 2.208500 ms  DeleteObjects: 0.179500 ms)

========================================================================
Received Import Request.
  Time since last request: 46.802129 seconds.
  path: Assets/Scripts/Ground.cs
  artifactKey: Guid(bdbfa56afc1bbea4eb8e6f70c21309ed) Importer(815301076,1909f56bfc062723c751e8b465ee728b)
Start importing Assets/Scripts/Ground.cs using Guid(bdbfa56afc1bbea4eb8e6f70c21309ed) Importer(815301076,1909f56bfc062723c751e8b465ee728b)  -> (artifact id: '87fc770e4c50b7abc417d4afcc19c82f') in 0.010015 seconds
  Import took 0.014845 seconds .

========================================================================
Received Prepare
Registering precompiled user dll's ...
Registered in 0.002811 seconds.
Begin MonoManager ReloadAssembly
Native extension for WindowsStandalone target not found
Refreshing native plugins compatible for Editor in 0.65 ms, found 1 plugins.
Preloading 0 native plugins for Editor in 0.00 ms.
Invoked RoslynAnalysisRunner static constructor.
RoslynAnalysisRunner will not be running.
RoslynAnalysisRunner has terminated.
Mono: successfully reloaded assembly
- Completed reload, in  2.729 seconds
Platform modules already initialized, skipping
Refreshing native plugins compatible for Editor in 0.60 ms, found 1 plugins.
Preloading 0 native plugins for Editor in 0.00 ms.
Unloading 1813 Unused Serialized files (Serialized files now loaded: 0)
System memory in use before: 87.7 MB.
System memory in use after: 87.7 MB.

Unloading 12 unused Assets to reduce memory usage. Loaded Objects now: 2283.
Total: 3.518700 ms (FindLiveObjects: 0.379000 ms CreateObjectMapping: 0.119500 ms MarkObjects: 2.858600 ms  DeleteObjects: 0.159500 ms)

========================================================================
Received Prepare
Registering precompiled user dll's ...
Registered in 0.002370 seconds.
Begin MonoManager ReloadAssembly
Native extension for WindowsStandalone target not found
Refreshing native plugins compatible for Editor in 0.57 ms, found 1 plugins.
Preloading 0 native plugins for Editor in 0.00 ms.
Invoked RoslynAnalysisRunner static constructor.
RoslynAnalysisRunner will not be running.
RoslynAnalysisRunner has terminated.
Mono: successfully reloaded assembly
- Completed reload, in  2.035 seconds
Platform modules already initialized, skipping
Refreshing native plugins compatible for Editor in 0.56 ms, found 1 plugins.
Preloading 0 native plugins for Editor in 0.00 ms.
Unloading 1813 Unused Serialized files (Serialized files now loaded: 0)
System memory in use before: 87.8 MB.
System memory in use after: 87.8 MB.

Unloading 12 unused Assets to reduce memory usage. Loaded Objects now: 2286.
Total: 2.931200 ms (FindLiveObjects: 0.227400 ms CreateObjectMapping: 0.085600 ms MarkObjects: 2.459900 ms  DeleteObjects: 0.156400 ms)

========================================================================
Received Import Request.
  Time since last request: 42.061940 seconds.
  path: Assets/Scripts/Pot.cs
  artifactKey: Guid(1f3cb30a5b133c743b3ff35db136e639) Importer(815301076,1909f56bfc062723c751e8b465ee728b)
Start importing Assets/Scripts/Pot.cs using Guid(1f3cb30a5b133c743b3ff35db136e639) Importer(815301076,1909f56bfc062723c751e8b465ee728b)  -> (artifact id: '681457991afb39aa45d765fc08873923') in 0.010795 seconds
  Import took 0.016320 seconds .

========================================================================
Received Prepare
Registering precompiled user dll's ...
Registered in 0.002748 seconds.
Begin MonoManager ReloadAssembly
Native extension for WindowsStandalone target not found
Refreshing native plugins compatible for Editor in 0.72 ms, found 1 plugins.
Preloading 0 native plugins for Editor in 0.00 ms.
Invoked RoslynAnalysisRunner static constructor.
RoslynAnalysisRunner will not be running.
RoslynAnalysisRunner has terminated.
Mono: successfully reloaded assembly
- Completed reload, in  2.505 seconds
Platform modules already initialized, skipping
Refreshing native plugins compatible for Editor in 0.86 ms, found 1 plugins.
Preloading 0 native plugins for Editor in 0.00 ms.
Unloading 1813 Unused Serialized files (Serialized files now loaded: 0)
System memory in use before: 88.2 MB.
System memory in use after: 88.2 MB.

Unloading 12 unused Assets to reduce memory usage. Loaded Objects now: 2289.
Total: 3.960600 ms (FindLiveObjects: 0.432700 ms CreateObjectMapping: 0.151500 ms MarkObjects: 3.186200 ms  DeleteObjects: 0.187400 ms)

========================================================================
Received Prepare
Registering precompiled user dll's ...
Registered in 0.002664 seconds.
Begin MonoManager ReloadAssembly
Native extension for WindowsStandalone target not found
Refreshing native plugins compatible for Editor in 0.60 ms, found 1 plugins.
Preloading 0 native plugins for Editor in 0.00 ms.
Invoked RoslynAnalysisRunner static constructor.
RoslynAnalysisRunner will not be running.
RoslynAnalysisRunner has terminated.
Mono: successfully reloaded assembly
- Completed reload, in  2.163 seconds
Platform modules already initialized, skipping
Refreshing native plugins compatible for Editor in 0.56 ms, found 1 plugins.
Preloading 0 native plugins for Editor in 0.00 ms.
Unloading 1813 Unused Serialized files (Serialized files now loaded: 0)
System memory in use before: 88.4 MB.
System memory in use after: 88.4 MB.

Unloading 12 unused Assets to reduce memory usage. Loaded Objects now: 2292.
Total: 2.927900 ms (FindLiveObjects: 0.338400 ms CreateObjectMapping: 0.100400 ms MarkObjects: 2.342200 ms  DeleteObjects: 0.145000 ms)

AssetImportWorkerClient::OnTransportError - code=2 error=End of file
